<?xml version="1.0" encoding="UTF-8"?>
<testng-results ignored="0" total="1" passed="1" failed="0" skipped="0">
  <reporter-output>
  </reporter-output>
  <suite started-at="2024-11-01T15:21:26 IST" name="Default suite" finished-at="2024-11-01T15:22:11 IST" duration-ms="45133">
    <groups>
      <group name="cucumber">
        <method signature="AbstractTestNGCucumberTests.runScenario(io.cucumber.testng.PickleWrapper,io.cucumber.testng.FeatureWrapper)[pri:0, instance:testRunners.TestRunner@489115ef]" name="runScenario" class="io.cucumber.testng.AbstractTestNGCucumberTests"/>
      </group> <!-- cucumber -->
    </groups>
    <test started-at="2024-11-01T15:21:26 IST" name="Default test" finished-at="2024-11-01T15:22:11 IST" duration-ms="45133">
      <class name="testRunners.TestRunner">
        <test-method is-config="true" signature="setUpClass(org.testng.ITestContext)[pri:0, instance:testRunners.TestRunner@489115ef]" started-at="2024-11-01T15:21:26 IST" name="setUpClass" finished-at="2024-11-01T15:21:27 IST" duration-ms="1417" status="PASS">
          <params>
            <param index="0">
              <value>
                <![CDATA[org.testng.TestRunner@37b52340]]>
              </value>
            </param>
          </params>
          <reporter-output>
          </reporter-output>
        </test-method> <!-- setUpClass -->
        <test-method signature="runScenario(io.cucumber.testng.PickleWrapper,io.cucumber.testng.FeatureWrapper)[pri:0, instance:testRunners.TestRunner@489115ef]" started-at="2024-11-01T15:21:27 IST" name="runScenario" description="Runs Cucumber Scenarios" data-provider="scenarios" finished-at="2024-11-01T15:22:11 IST" duration-ms="43296" status="PASS">
          <params>
            <param index="0">
              <value>
                <![CDATA["Search for an iPhone"]]>
              </value>
            </param>
            <param index="1">
              <value>
                <![CDATA["Flipkart Product Search"]]>
              </value>
            </param>
          </params>
          <reporter-output>
          </reporter-output>
        </test-method> <!-- runScenario -->
        <test-method is-config="true" signature="tearDownClass()[pri:0, instance:testRunners.TestRunner@489115ef]" started-at="2024-11-01T15:22:11 IST" name="tearDownClass" finished-at="2024-11-01T15:22:11 IST" duration-ms="297" status="PASS">
          <reporter-output>
          </reporter-output>
        </test-method> <!-- tearDownClass -->
      </class> <!-- testRunners.TestRunner -->
    </test> <!-- Default test -->
  </suite> <!-- Default suite -->
</testng-results>
